<?xml version="1.0" encoding="UTF-8"?>
<!-- Generated by org.testng.reporters.JUnitReportReporter -->
<testsuite hostname="DESKTOP-CG7B0GJ" failures="0" tests="1" name="Maven.CreateCampaignTest" time="15.819" errors="0" timestamp="2025-07-28T07:01:02 IST" skipped="0">
  <testcase classname="Maven.CreateCampaignTest" name="createCampaign" time="15.819"/>
  <system-out>
    <![CDATA[report configuration
DB Connectivity open
pre conditions
closing browser
post conditions
DB connectivity close]]>
  </system-out>
</testsuite> <!-- Maven.CreateCampaignTest -->
