<?xml version="1.0" encoding="UTF-8"?>
<!-- Generated by org.testng.reporters.JUnitReportReporter -->
<testsuite hostname="DESKTOP-CG7B0GJ" failures="0" tests="1" name="TestNgTestcases.createProduct" time="9.323" errors="0" timestamp="2025-07-23T07:18:38 IST" skipped="0">
  <testcase classname="TestNgTestcases.createProduct" name="createProduct" time="9.323"/>
  <system-out>
    <![CDATA[DB Connectivity open
pre conditions
===createCampaignFAILURE===
closing browser
closing browser
closing browser
===createDateFAILURE===
closing browser
post conditions
DB connectivity close]]>
  </system-out>
</testsuite> <!-- TestNgTestcases.createProduct -->
